Log opened at 2018-03-21 07:39:27
I: Connecting to configured address/port: 192.168.2.137:9001.
I: Connected to client. :-)
-> <init xmlns="urn:debugger_protocol_v1" xmlns:xdebug="http://xdebug.org/dbgp/xdebug" fileuri="file:///var/www/html/html1/index.php" language="PHP" xdebug:language_version="7.2.3" protocol_version="1.0" appid="7" idekey="1"><engine version="2.6.0alpha1"><![CDATA[Xdebug]]></engine><author><![CDATA[Derick Rethans]]></author><url><![CDATA[http://xdebug.org]]></url><copyright><![CDATA[Copyright (c) 2002-2017 by Derick Rethans]]></copyright></init>

<- feature_set -i 1 -n show_hidden -v 1
-> <response xmlns="urn:debugger_protocol_v1" xmlns:xdebug="http://xdebug.org/dbgp/xdebug" command="feature_set" transaction_id="1" feature="show_hidden" success="1"></response>

<- feature_set -i 2 -n max_depth -v 1
-> <response xmlns="urn:debugger_protocol_v1" xmlns:xdebug="http://xdebug.org/dbgp/xdebug" command="feature_set" transaction_id="2" feature="max_depth" success="1"></response>

<- feature_set -i 3 -n max_children -v 100
-> <response xmlns="urn:debugger_protocol_v1" xmlns:xdebug="http://xdebug.org/dbgp/xdebug" command="feature_set" transaction_id="3" feature="max_children" success="1"></response>

<- feature_set -i 4 -n extended_properties -v 1
-> <response xmlns="urn:debugger_protocol_v1" xmlns:xdebug="http://xdebug.org/dbgp/xdebug" command="feature_set" transaction_id="4" feature="extended_properties" success="1"></response>

<- status -i 5
-> <response xmlns="urn:debugger_protocol_v1" xmlns:xdebug="http://xdebug.org/dbgp/xdebug" command="status" transaction_id="5" status="starting" reason="ok"></response>

<- step_into -i 6
-> <response xmlns="urn:debugger_protocol_v1" xmlns:xdebug="http://xdebug.org/dbgp/xdebug" command="step_into" transaction_id="6" status="break" reason="ok"><xdebug:message filename="file:///var/www/html/html1/index.php" lineno="2"></xdebug:message></response>

<- eval -i 7 -- aXNzZXQoJF9TRVJWRVJbJ1BIUF9JREVfQ09ORklHJ10p
-> <response xmlns="urn:debugger_protocol_v1" xmlns:xdebug="http://xdebug.org/dbgp/xdebug" command="eval" transaction_id="7"><property type="bool"><![CDATA[0]]></property></response>

<- eval -i 8 -- aXNzZXQoJF9TRVJWRVJbJ1NFUlZFUl9OQU1FJ10p
-> <response xmlns="urn:debugger_protocol_v1" xmlns:xdebug="http://xdebug.org/dbgp/xdebug" command="eval" transaction_id="8"><property type="bool"><![CDATA[1]]></property></response>

<- eval -i 9 -- KHN0cmluZykoJF9TRVJWRVJbJ1NFUlZFUl9OQU1FJ10p
-> <response xmlns="urn:debugger_protocol_v1" xmlns:xdebug="http://xdebug.org/dbgp/xdebug" command="eval" transaction_id="9"><property type="string" size="9" encoding="base64"><![CDATA[bG9jYWxob3N0]]></property></response>

<- eval -i 10 -- KHN0cmluZykoJF9TRVJWRVJbJ1NFUlZFUl9QT1JUJ10p
-> <response xmlns="urn:debugger_protocol_v1" xmlns:xdebug="http://xdebug.org/dbgp/xdebug" command="eval" transaction_id="10"><property type="string" size="2" encoding="base64"><![CDATA[ODA=]]></property></response>

<- eval -i 11 -- KHN0cmluZykoJF9TRVJWRVJbJ1JFUVVFU1RfVVJJJ10p
-> <response xmlns="urn:debugger_protocol_v1" xmlns:xdebug="http://xdebug.org/dbgp/xdebug" command="eval" transaction_id="11"><property type="string" size="1" encoding="base64"><![CDATA[Lw==]]></property></response>

Log opened at 2018-03-21 07:39:29
I: Connecting to configured address/port: 192.168.2.137:9001.
I: Connected to client. :-)
-> <init xmlns="urn:debugger_protocol_v1" xmlns:xdebug="http://xdebug.org/dbgp/xdebug" fileuri="file:///var/www/html/html1/index.php" language="PHP" xdebug:language_version="7.2.3" protocol_version="1.0" appid="6" idekey="1"><engine version="2.6.0alpha1"><![CDATA[Xdebug]]></engine><author><![CDATA[Derick Rethans]]></author><url><![CDATA[http://xdebug.org]]></url><copyright><![CDATA[Copyright (c) 2002-2017 by Derick Rethans]]></copyright></init>

<- feature_set -i 1 -n show_hidden -v 1
-> <response xmlns="urn:debugger_protocol_v1" xmlns:xdebug="http://xdebug.org/dbgp/xdebug" command="feature_set" transaction_id="1" feature="show_hidden" success="1"></response>

<- feature_set -i 2 -n max_depth -v 1
-> <response xmlns="urn:debugger_protocol_v1" xmlns:xdebug="http://xdebug.org/dbgp/xdebug" command="feature_set" transaction_id="2" feature="max_depth" success="1"></response>

<- feature_set -i 3 -n max_children -v 100
-> <response xmlns="urn:debugger_protocol_v1" xmlns:xdebug="http://xdebug.org/dbgp/xdebug" command="feature_set" transaction_id="3" feature="max_children" success="1"></response>

<- feature_set -i 4 -n extended_properties -v 1
-> <response xmlns="urn:debugger_protocol_v1" xmlns:xdebug="http://xdebug.org/dbgp/xdebug" command="feature_set" transaction_id="4" feature="extended_properties" success="1"></response>

<- status -i 5
-> <response xmlns="urn:debugger_protocol_v1" xmlns:xdebug="http://xdebug.org/dbgp/xdebug" command="status" transaction_id="5" status="starting" reason="ok"></response>

<- step_into -i 6
-> <response xmlns="urn:debugger_protocol_v1" xmlns:xdebug="http://xdebug.org/dbgp/xdebug" command="step_into" transaction_id="6" status="break" reason="ok"><xdebug:message filename="file:///var/www/html/html1/index.php" lineno="2"></xdebug:message></response>

<- eval -i 7 -- aXNzZXQoJF9TRVJWRVJbJ1BIUF9JREVfQ09ORklHJ10p
-> <response xmlns="urn:debugger_protocol_v1" xmlns:xdebug="http://xdebug.org/dbgp/xdebug" command="eval" transaction_id="7"><property type="bool"><![CDATA[0]]></property></response>

<- eval -i 8 -- aXNzZXQoJF9TRVJWRVJbJ1NFUlZFUl9OQU1FJ10p
-> <response xmlns="urn:debugger_protocol_v1" xmlns:xdebug="http://xdebug.org/dbgp/xdebug" command="eval" transaction_id="8"><property type="bool"><![CDATA[1]]></property></response>

<- eval -i 9 -- KHN0cmluZykoJF9TRVJWRVJbJ1NFUlZFUl9OQU1FJ10p
-> <response xmlns="urn:debugger_protocol_v1" xmlns:xdebug="http://xdebug.org/dbgp/xdebug" command="eval" transaction_id="9"><property type="string" size="9" encoding="base64"><![CDATA[bG9jYWxob3N0]]></property></response>

<- eval -i 10 -- KHN0cmluZykoJF9TRVJWRVJbJ1NFUlZFUl9QT1JUJ10p
-> <response xmlns="urn:debugger_protocol_v1" xmlns:xdebug="http://xdebug.org/dbgp/xdebug" command="eval" transaction_id="10"><property type="string" size="2" encoding="base64"><![CDATA[ODA=]]></property></response>

<- eval -i 11 -- KHN0cmluZykoJF9TRVJWRVJbJ1JFUVVFU1RfVVJJJ10p
-> <response xmlns="urn:debugger_protocol_v1" xmlns:xdebug="http://xdebug.org/dbgp/xdebug" command="eval" transaction_id="11"><property type="string" size="1" encoding="base64"><![CDATA[Lw==]]></property></response>

<- run -i 12
-> <response xmlns="urn:debugger_protocol_v1" xmlns:xdebug="http://xdebug.org/dbgp/xdebug" command="run" transaction_id="12" status="stopping" reason="ok"></response>

<- stop -i 13
-> <response xmlns="urn:debugger_protocol_v1" xmlns:xdebug="http://xdebug.org/dbgp/xdebug" command="stop" transaction_id="13" status="stopped" reason="ok"></response>

Log closed at 2018-03-21 07:39:44

<- run -i 12
-> <response xmlns="urn:debugger_protocol_v1" xmlns:xdebug="http://xdebug.org/dbgp/xdebug" command="run" transaction_id="12" status="stopping" reason="ok"></response>

<- stop -i 13
-> <response xmlns="urn:debugger_protocol_v1" xmlns:xdebug="http://xdebug.org/dbgp/xdebug" command="stop" transaction_id="13" status="stopped" reason="ok"></response>

Log closed at 2018-03-21 07:39:46

Log opened at 2018-03-21 07:57:54
I: Connecting to configured address/port: 192.168.2.137:9001.
I: Connected to client. :-)
-> <init xmlns="urn:debugger_protocol_v1" xmlns:xdebug="http://xdebug.org/dbgp/xdebug" fileuri="file:///var/www/html/html1/index.php" language="PHP" xdebug:language_version="7.2.3" protocol_version="1.0" appid="7"><engine version="2.6.0alpha1"><![CDATA[Xdebug]]></engine><author><![CDATA[Derick Rethans]]></author><url><![CDATA[http://xdebug.org]]></url><copyright><![CDATA[Copyright (c) 2002-2017 by Derick Rethans]]></copyright></init>

<- feature_set -i 1 -n show_hidden -v 1
-> <response xmlns="urn:debugger_protocol_v1" xmlns:xdebug="http://xdebug.org/dbgp/xdebug" command="feature_set" transaction_id="1" feature="show_hidden" success="1"></response>

<- feature_set -i 2 -n max_depth -v 1
-> <response xmlns="urn:debugger_protocol_v1" xmlns:xdebug="http://xdebug.org/dbgp/xdebug" command="feature_set" transaction_id="2" feature="max_depth" success="1"></response>

<- feature_set -i 3 -n max_children -v 100
-> <response xmlns="urn:debugger_protocol_v1" xmlns:xdebug="http://xdebug.org/dbgp/xdebug" command="feature_set" transaction_id="3" feature="max_children" success="1"></response>

<- feature_set -i 4 -n extended_properties -v 1
-> <response xmlns="urn:debugger_protocol_v1" xmlns:xdebug="http://xdebug.org/dbgp/xdebug" command="feature_set" transaction_id="4" feature="extended_properties" success="1"></response>

<- status -i 5
-> <response xmlns="urn:debugger_protocol_v1" xmlns:xdebug="http://xdebug.org/dbgp/xdebug" command="status" transaction_id="5" status="starting" reason="ok"></response>

<- step_into -i 6
-> <response xmlns="urn:debugger_protocol_v1" xmlns:xdebug="http://xdebug.org/dbgp/xdebug" command="step_into" transaction_id="6" status="break" reason="ok"><xdebug:message filename="file:///var/www/html/html1/index.php" lineno="4"></xdebug:message></response>

<- eval -i 7 -- aXNzZXQoJF9TRVJWRVJbJ1BIUF9JREVfQ09ORklHJ10p
-> <response xmlns="urn:debugger_protocol_v1" xmlns:xdebug="http://xdebug.org/dbgp/xdebug" command="eval" transaction_id="7"><property type="bool"><![CDATA[0]]></property></response>

<- eval -i 8 -- aXNzZXQoJF9TRVJWRVJbJ1NFUlZFUl9OQU1FJ10p
-> <response xmlns="urn:debugger_protocol_v1" xmlns:xdebug="http://xdebug.org/dbgp/xdebug" command="eval" transaction_id="8"><property type="bool"><![CDATA[1]]></property></response>

<- eval -i 9 -- KHN0cmluZykoJF9TRVJWRVJbJ1NFUlZFUl9OQU1FJ10p
-> <response xmlns="urn:debugger_protocol_v1" xmlns:xdebug="http://xdebug.org/dbgp/xdebug" command="eval" transaction_id="9"><property type="string" size="9" encoding="base64"><![CDATA[bG9jYWxob3N0]]></property></response>

<- eval -i 10 -- KHN0cmluZykoJF9TRVJWRVJbJ1NFUlZFUl9QT1JUJ10p
-> <response xmlns="urn:debugger_protocol_v1" xmlns:xdebug="http://xdebug.org/dbgp/xdebug" command="eval" transaction_id="10"><property type="string" size="2" encoding="base64"><![CDATA[ODA=]]></property></response>

<- eval -i 11 -- KHN0cmluZykoJF9TRVJWRVJbJ1JFUVVFU1RfVVJJJ10p
-> <response xmlns="urn:debugger_protocol_v1" xmlns:xdebug="http://xdebug.org/dbgp/xdebug" command="eval" transaction_id="11"><property type="string" size="1" encoding="base64"><![CDATA[Lw==]]></property></response>

<- breakpoint_set -i 12 -t line -f file:///var/www/html/index.php -n 4
-> <response xmlns="urn:debugger_protocol_v1" xmlns:xdebug="http://xdebug.org/dbgp/xdebug" command="breakpoint_set" transaction_id="12" id="70001"></response>

<- breakpoint_set -i 13 -t line -f file:///var/www/html/index.php -n 5
-> <response xmlns="urn:debugger_protocol_v1" xmlns:xdebug="http://xdebug.org/dbgp/xdebug" command="breakpoint_set" transaction_id="13" id="70002"></response>

<- stack_get -i 14
-> <response xmlns="urn:debugger_protocol_v1" xmlns:xdebug="http://xdebug.org/dbgp/xdebug" command="stack_get" transaction_id="14"><stack where="{main}" level="0" type="file" filename="file:///var/www/html/html1/index.php" lineno="4"></stack></response>

<- stack_get -i 15
-> <response xmlns="urn:debugger_protocol_v1" xmlns:xdebug="http://xdebug.org/dbgp/xdebug" command="stack_get" transaction_id="15"><stack where="{main}" level="0" type="file" filename="file:///var/www/html/html1/index.php" lineno="4"></stack></response>

<- context_names -i 16
-> <response xmlns="urn:debugger_protocol_v1" xmlns:xdebug="http://xdebug.org/dbgp/xdebug" command="context_names" transaction_id="16"><context name="Locals" id="0"></context><context name="Superglobals" id="1"></context><context name="User defined constants" id="2"></context></response>

<- context_get -i 17 -d 0 -c 0
-> <response xmlns="urn:debugger_protocol_v1" xmlns:xdebug="http://xdebug.org/dbgp/xdebug" command="context_get" transaction_id="17" context="0"></response>

<- context_get -i 18 -d 0 -c 1
-> <response xmlns="urn:debugger_protocol_v1" xmlns:xdebug="http://xdebug.org/dbgp/xdebug" command="context_get" transaction_id="18" context="1"><property name="$_COOKIE" fullname="$_COOKIE" type="array" children="1" numchildren="5" page="0" pagesize="100"><property name="XDEBUG_SESSION" fullname="$_COOKIE[&quot;XDEBUG_SESSION&quot;]" type="string" size="0" encoding="base64"><![CDATA[]]></property><property name="PHPSESSID" fullname="$_COOKIE[&quot;PHPSESSID&quot;]" type="string" size="32" encoding="base64"><![CDATA[ZjJkYWEwNWMyMjJkNGNlMWYwMTZkMjhlMzRlZTE0YjQ=]]></property><property name="_ga" fullname="$_COOKIE[&quot;_ga&quot;]" type="string" size="27" encoding="base64"><![CDATA[R0ExLjEuMTUyNzkwNTQ1Ni4xNTEwODQ3MTY4]]></property><property name="Phpstorm-569b6fc7" fullname="$_COOKIE[&quot;Phpstorm-569b6fc7&quot;]" type="string" size="36" encoding="base64"><![CDATA[ZGM5ZWU0NzQtOGExOS00MjEzLWJhNWMtNWRhMzlmOGZiN2Q5]]></property><property name="Phpstorm-569b6c07" fullname="$_COOKIE[&quot;Phpstorm-569b6c07&quot;]" type="string" size="36" encoding="base64"><![CDATA[MTNjZjAzODAtYzZiYi00ODE4LWJjN2MtMmU1MGViOWJmMTc4]]></property></property><property name="$_ENV" fullname="$_ENV" type="array" children="0" numchildren="0" page="0" pagesize="100"></property><property name="$_FILES" fullname="$_FILES" type="array" children="0" numchildren="0" page="0" pagesize="100"></property><property name="$_GET" fullname="$_GET" type="array" children="0" numchildren="0" page="0" pagesize="100"></property><property name="$_POST" fullname="$_POST" type="array" children="0" numchildren="0" page="0" pagesize="100"></property><property name="$_REQUEST" fullname="$_REQUEST" type="array" children="0" numchildren="0" page="0" pagesize="100"></property><property name="$_SERVER" fullname="$_SERVER" type="array" children="1" numchildren="48" page="0" pagesize="100"><property name="PHP_EXTRA_CONFIGURE_ARGS" fullname="$_SERVER[&quot;PHP_EXTRA_CONFIGURE_ARGS&quot;]" type="string" size="63" encoding="base64"><![CDATA[LS1lbmFibGUtZnBtIC0td2l0aC1mcG0tdXNlcj13d3ctZGF0YSAtLXdpdGgtZnBtLWdyb3VwPXd3dy1kYXRh]]></property><property name="HOSTNAME" fullname="$_SERVER[&quot;HOSTNAME&quot;]" type="string" size="12" encoding="base64"><![CDATA[Nzk0NDNhOTgxMGMz]]></property><property name="PHP_INI_DIR" fullname="$_SERVER[&quot;PHP_INI_DIR&quot;]" type="string" size="18" encoding="base64"><![CDATA[L3Vzci9sb2NhbC9ldGMvcGhw]]></property><property name="HOME" fullname="$_SERVER[&quot;HOME&quot;]" type="string" size="8" encoding="base64"><![CDATA[L3Zhci93d3c=]]></property><property name="PHP_LDFLAGS" fullname="$_SERVER[&quot;PHP_LDFLAGS&quot;]" type="string" size="34" encoding="base64"><![CDATA[LVdsLC1PMSAtV2wsLS1oYXNoLXN0eWxlPWJvdGggLXBpZQ==]]></property><property name="PHP_CFLAGS" fullname="$_SERVER[&quot;PHP_CFLAGS&quot;]" type="string" size="40" encoding="base64"><![CDATA[LWZzdGFjay1wcm90ZWN0b3Itc3Ryb25nIC1mcGljIC1mcGllIC1PMg==]]></property><property name="PHP_MD5" fullname="$_SERVER[&quot;PHP_MD5&quot;]" type="string" size="0" encoding="base64"><![CDATA[]]></property><property name="PHP_VERSION" fullname="$_SERVER[&quot;PHP_VERSION&quot;]" type="string" size="5" encoding="base64"><![CDATA[Ny4yLjM=]]></property><property name="GPG_KEYS" fullname="$_SERVER[&quot;GPG_KEYS&quot;]" type="string" size="81" encoding="base64"><![CDATA[MTcyOUY4MzkzOERBNDRFMjdCQTBGNEQzREJEQjM5NzQ3MEQxMjE3MiBCMUI0NEQ4RjAyMUU0RTJENjAyMUU5OTVEQzlGRjhEM0VFNUFGMjdG]]></property><property name="PHP_CPPFLAGS" fullname="$_SERVER[&quot;PHP_CPPFLAGS&quot;]" type="string" size="40" encoding="base64"><![CDATA[LWZzdGFjay1wcm90ZWN0b3Itc3Ryb25nIC1mcGljIC1mcGllIC1PMg==]]></property><property name="PHP_ASC_URL" fullname="$_SERVER[&quot;PHP_ASC_URL&quot;]" type="string" size="64" encoding="base64"><![CDATA[aHR0cHM6Ly9zZWN1cmUucGhwLm5ldC9nZXQvcGhwLTcuMi4zLnRhci54ei5hc2MvZnJvbS90aGlzL21pcnJvcg==]]></property><property name="PHP_URL" fullname="$_SERVER[&quot;PHP_URL&quot;]" type="string" size="60" encoding="base64"><![CDATA[aHR0cHM6Ly9zZWN1cmUucGhwLm5ldC9nZXQvcGhwLTcuMi4zLnRhci54ei9mcm9tL3RoaXMvbWlycm9y]]></property><property name="PATH" fullname="$_SERVER[&quot;PATH&quot;]" type="string" size="60" encoding="base64"><![CDATA[L3Vzci9sb2NhbC9zYmluOi91c3IvbG9jYWwvYmluOi91c3Ivc2JpbjovdXNyL2Jpbjovc2JpbjovYmlu]]></property><property name="PHPIZE_DEPS" fullname="$_SERVER[&quot;PHPIZE_DEPS&quot;]" type="string" size="76" encoding="base64"><![CDATA[YXV0b2NvbmYgCQlkcGtnLWRldiAJCWZpbGUgCQlnKysgCQlnY2MgCQlsaWJjLWRldiAJCW1ha2UgCQlwa2ctY29uZmlnIAkJcmUyYw==]]></property><property name="PWD" fullname="$_SERVER[&quot;PWD&quot;]" type="string" size="13" encoding="base64"><![CDATA[L3Zhci93d3cvaHRtbA==]]></property><property name="PHP_SHA256" fullname="$_SERVER[&quot;PHP_SHA256&quot;]" type="string" size="64" encoding="base64"><![CDATA[YjNhOTRmMWI1NjJmNDEzYzBiOTZmNTRiYzMwOTcwNmQ4M2IyOWFjNjVkOWIxNzJiYzdlZDlmYjQwYTVlNjUxZg==]]></property><property name="USER" fullname="$_SERVER[&quot;USER&quot;]" type="string" size="8" encoding="base64"><![CDATA[d3d3LWRhdGE=]]></property><property name="HTTP_CONNECTION" fullname="$_SERVER[&quot;HTTP_CONNECTION&quot;]" type="string" size="10" encoding="base64"><![CDATA[a2VlcC1hbGl2ZQ==]]></property><property name="HTTP_ACCEPT_ENCODING" fullname="$_SERVER[&quot;HTTP_ACCEPT_ENCODING&quot;]" type="string" size="13" encoding="base64"><![CDATA[Z3ppcCwgZGVmbGF0ZQ==]]></property><property name="HTTP_ACCEPT_LANGUAGE" fullname="$_SERVER[&quot;HTTP_ACCEPT_LANGUAGE&quot;]" type="string" size="5" encoding="base64"><![CDATA[emgtY24=]]></property><property name="HTTP_USER_AGENT" fullname="$_SERVER[&quot;HTTP_USER_AGENT&quot;]" type="string" size="117" encoding="base64"><![CDATA[TW96aWxsYS81LjAgKE1hY2ludG9zaDsgSW50ZWwgTWFjIE9TIFggMTBfMTNfMikgQXBwbGVXZWJLaXQvNjA0LjQuNyAoS0hUTUwsIGxpa2UgR2Vja28pIFZlcnNpb24vMTEuMC4yIFNhZmFyaS82MDQuNC43]]></property><property name="HTTP_COOKIE" fullname="$_SERVER[&quot;HTTP_COOKIE&quot;]" type="string" size="204" encoding="base64"><![CDATA[WERFQlVHX1NFU1NJT049OyBQSFBTRVNTSUQ9ZjJkYWEwNWMyMjJkNGNlMWYwMTZkMjhlMzRlZTE0YjQ7IF9nYT1HQTEuMS4xNTI3OTA1NDU2LjE1MTA4NDcxNjg7IFBocHN0b3JtLTU2OWI2ZmM3PWRjOWVlNDc0LThhMTktNDIxMy1iYTVjLTVkYTM5ZjhmYjdkOTsgUGhwc3Rvcm0tNTY5YjZjMDc9MTNjZjAzODAtYzZiYi00ODE4LWJjN2MtMmU1MGViOWJmMTc4]]></property><property name="HTTP_UPGRADE_INSECURE_REQUESTS" fullname="$_SERVER[&quot;HTTP_UPGRADE_INSECURE_REQUESTS&quot;]" type="string" size="1" encoding="base64"><![CDATA[MQ==]]></property><property name="HTTP_ACCEPT" fullname="$_SERVER[&quot;HTTP_ACCEPT&quot;]" type="string" size="63" encoding="base64"><![CDATA[dGV4dC9odG1sLGFwcGxpY2F0aW9uL3hodG1sK3htbCxhcHBsaWNhdGlvbi94bWw7cT0wLjksKi8qO3E9MC44]]></property><property name="HTTP_HOST" fullname="$_SERVER[&quot;HTTP_HOST&quot;]" type="string" size="9" encoding="base64"><![CDATA[bG9jYWxob3N0]]></property><property name="SCRIPT_FILENAME" fullname="$_SERVER[&quot;SCRIPT_FILENAME&quot;]" type="string" size="29" encoding="base64"><![CDATA[L3Zhci93d3cvaHRtbC9odG1sMS9pbmRleC5waHA=]]></property><property name="REDIRECT_STATUS" fullname="$_SERVER[&quot;REDIRECT_STATUS&quot;]" type="string" size="3" encoding="base64"><![CDATA[MjAw]]></property><property name="SERVER_NAME" fullname="$_SERVER[&quot;SERVER_NAME&quot;]" type="string" size="9" encoding="base64"><![CDATA[bG9jYWxob3N0]]></property><property name="SERVER_PORT" fullname="$_SERVER[&quot;SERVER_PORT&quot;]" type="string" size="2" encoding="base64"><![CDATA[ODA=]]></property><property name="SERVER_ADDR" fullname="$_SERVER[&quot;SERVER_ADDR&quot;]" type="string" size="10" encoding="base64"><![CDATA[MTcyLjIxLjAuMw==]]></property><property name="REMOTE_PORT" fullname="$_SERVER[&quot;REMOTE_PORT&quot;]" type="string" size="5" encoding="base64"><![CDATA[MzQyNTI=]]></property><property name="REMOTE_ADDR" fullname="$_SERVER[&quot;REMOTE_ADDR&quot;]" type="string" size="10" encoding="base64"><![CDATA[MTcyLjIxLjAuMQ==]]></property><property name="SERVER_SOFTWARE" fullname="$_SERVER[&quot;SERVER_SOFTWARE&quot;]" type="string" size="12" encoding="base64"><![CDATA[bmdpbngvMS4xMy45]]></property><property name="GATEWAY_INTERFACE" fullname="$_SERVER[&quot;GATEWAY_INTERFACE&quot;]" type="string" size="7" encoding="base64"><![CDATA[Q0dJLzEuMQ==]]></property><property name="REQUEST_SCHEME" fullname="$_SERVER[&quot;REQUEST_SCHEME&quot;]" type="string" size="4" encoding="base64"><![CDATA[aHR0cA==]]></property><property name="SERVER_PROTOCOL" fullname="$_SERVER[&quot;SERVER_PROTOCOL&quot;]" type="string" size="8" encoding="base64"><![CDATA[SFRUUC8xLjE=]]></property><property name="DOCUMENT_ROOT" fullname="$_SERVER[&quot;DOCUMENT_ROOT&quot;]" type="string" size="19" encoding="base64"><![CDATA[L3Zhci93d3cvaHRtbC9odG1sMQ==]]></property><property name="DOCUMENT_URI" fullname="$_SERVER[&quot;DOCUMENT_URI&quot;]" type="string" size="10" encoding="base64"><![CDATA[L2luZGV4LnBocA==]]></property><property name="REQUEST_URI" fullname="$_SERVER[&quot;REQUEST_URI&quot;]" type="string" size="1" encoding="base64"><![CDATA[Lw==]]></property><property name="SCRIPT_NAME" fullname="$_SERVER[&quot;SCRIPT_NAME&quot;]" type="string" size="10" encoding="base64"><![CDATA[L2luZGV4LnBocA==]]></property><property name="CONTENT_LENGTH" fullname="$_SERVER[&quot;CONTENT_LENGTH&quot;]" type="string" size="0" encoding="base64"><![CDATA[]]></property><property name="CONTENT_TYPE" fullname="$_SERVER[&quot;CONTENT_TYPE&quot;]" type="string" size="0" encoding="base64"><![CDATA[]]></property><property name="REQUEST_METHOD" fullname="$_SERVER[&quot;REQUEST_METHOD&quot;]" type="string" size="3" encoding="base64"><![CDATA[R0VU]]></property><property name="QUERY_STRING" fullname="$_SERVER[&quot;QUERY_STRING&quot;]" type="string" size="0" encoding="base64"><![CDATA[]]></property><property name="FCGI_ROLE" fullname="$_SERVER[&quot;FCGI_ROLE&quot;]" type="string" size="9" encoding="base64"><![CDATA[UkVTUE9OREVS]]></property><property name="PHP_SELF" fullname="$_SERVER[&quot;PHP_SELF&quot;]" type="string" size="10" encoding="base64"><![CDATA[L2luZGV4LnBocA==]]></property><property name="REQUEST_TIME_FLOAT" fullname="$_SERVER[&quot;REQUEST_TIME_FLOAT&quot;]" type="float"><![CDATA[1521619074.576]]></property><property name="REQUEST_TIME" fullname="$_SERVER[&quot;REQUEST_TIME&quot;]" type="int"><![CDATA[1521619074]]></property></property></response>

<- context_get -i 19 -d 0 -c 2
-> <response xmlns="urn:debugger_protocol_v1" xmlns:xdebug="http://xdebug.org/dbgp/xdebug" command="context_get" transaction_id="19" context="2"></response>

<- step_into -i 20
-> <response xmlns="urn:debugger_protocol_v1" xmlns:xdebug="http://xdebug.org/dbgp/xdebug" command="step_into" transaction_id="20" status="break" reason="ok"><xdebug:message filename="file:///var/www/html/html1/index.php" lineno="5"></xdebug:message></response>

<- stack_get -i 21
-> <response xmlns="urn:debugger_protocol_v1" xmlns:xdebug="http://xdebug.org/dbgp/xdebug" command="stack_get" transaction_id="21"><stack where="{main}" level="0" type="file" filename="file:///var/www/html/html1/index.php" lineno="5"></stack></response>

<- context_get -i 22 -d 0 -c 0
-> <response xmlns="urn:debugger_protocol_v1" xmlns:xdebug="http://xdebug.org/dbgp/xdebug" command="context_get" transaction_id="22" context="0"></response>

<- context_get -i 23 -d 0 -c 1
-> <response xmlns="urn:debugger_protocol_v1" xmlns:xdebug="http://xdebug.org/dbgp/xdebug" command="context_get" transaction_id="23" context="1"><property name="$_COOKIE" fullname="$_COOKIE" type="array" children="1" numchildren="5" page="0" pagesize="100"><property name="XDEBUG_SESSION" fullname="$_COOKIE[&quot;XDEBUG_SESSION&quot;]" type="string" size="0" encoding="base64"><![CDATA[]]></property><property name="PHPSESSID" fullname="$_COOKIE[&quot;PHPSESSID&quot;]" type="string" size="32" encoding="base64"><![CDATA[ZjJkYWEwNWMyMjJkNGNlMWYwMTZkMjhlMzRlZTE0YjQ=]]></property><property name="_ga" fullname="$_COOKIE[&quot;_ga&quot;]" type="string" size="27" encoding="base64"><![CDATA[R0ExLjEuMTUyNzkwNTQ1Ni4xNTEwODQ3MTY4]]></property><property name="Phpstorm-569b6fc7" fullname="$_COOKIE[&quot;Phpstorm-569b6fc7&quot;]" type="string" size="36" encoding="base64"><![CDATA[ZGM5ZWU0NzQtOGExOS00MjEzLWJhNWMtNWRhMzlmOGZiN2Q5]]></property><property name="Phpstorm-569b6c07" fullname="$_COOKIE[&quot;Phpstorm-569b6c07&quot;]" type="string" size="36" encoding="base64"><![CDATA[MTNjZjAzODAtYzZiYi00ODE4LWJjN2MtMmU1MGViOWJmMTc4]]></property></property><property name="$_ENV" fullname="$_ENV" type="array" children="0" numchildren="0" page="0" pagesize="100"></property><property name="$_FILES" fullname="$_FILES" type="array" children="0" numchildren="0" page="0" pagesize="100"></property><property name="$_GET" fullname="$_GET" type="array" children="0" numchildren="0" page="0" pagesize="100"></property><property name="$_POST" fullname="$_POST" type="array" children="0" numchildren="0" page="0" pagesize="100"></property><property name="$_REQUEST" fullname="$_REQUEST" type="array" children="0" numchildren="0" page="0" pagesize="100"></property><property name="$_SERVER" fullname="$_SERVER" type="array" children="1" numchildren="48" page="0" pagesize="100"><property name="PHP_EXTRA_CONFIGURE_ARGS" fullname="$_SERVER[&quot;PHP_EXTRA_CONFIGURE_ARGS&quot;]" type="string" size="63" encoding="base64"><![CDATA[LS1lbmFibGUtZnBtIC0td2l0aC1mcG0tdXNlcj13d3ctZGF0YSAtLXdpdGgtZnBtLWdyb3VwPXd3dy1kYXRh]]></property><property name="HOSTNAME" fullname="$_SERVER[&quot;HOSTNAME&quot;]" type="string" size="12" encoding="base64"><![CDATA[Nzk0NDNhOTgxMGMz]]></property><property name="PHP_INI_DIR" fullname="$_SERVER[&quot;PHP_INI_DIR&quot;]" type="string" size="18" encoding="base64"><![CDATA[L3Vzci9sb2NhbC9ldGMvcGhw]]></property><property name="HOME" fullname="$_SERVER[&quot;HOME&quot;]" type="string" size="8" encoding="base64"><![CDATA[L3Zhci93d3c=]]></property><property name="PHP_LDFLAGS" fullname="$_SERVER[&quot;PHP_LDFLAGS&quot;]" type="string" size="34" encoding="base64"><![CDATA[LVdsLC1PMSAtV2wsLS1oYXNoLXN0eWxlPWJvdGggLXBpZQ==]]></property><property name="PHP_CFLAGS" fullname="$_SERVER[&quot;PHP_CFLAGS&quot;]" type="string" size="40" encoding="base64"><![CDATA[LWZzdGFjay1wcm90ZWN0b3Itc3Ryb25nIC1mcGljIC1mcGllIC1PMg==]]></property><property name="PHP_MD5" fullname="$_SERVER[&quot;PHP_MD5&quot;]" type="string" size="0" encoding="base64"><![CDATA[]]></property><property name="PHP_VERSION" fullname="$_SERVER[&quot;PHP_VERSION&quot;]" type="string" size="5" encoding="base64"><![CDATA[Ny4yLjM=]]></property><property name="GPG_KEYS" fullname="$_SERVER[&quot;GPG_KEYS&quot;]" type="string" size="81" encoding="base64"><![CDATA[MTcyOUY4MzkzOERBNDRFMjdCQTBGNEQzREJEQjM5NzQ3MEQxMjE3MiBCMUI0NEQ4RjAyMUU0RTJENjAyMUU5OTVEQzlGRjhEM0VFNUFGMjdG]]></property><property name="PHP_CPPFLAGS" fullname="$_SERVER[&quot;PHP_CPPFLAGS&quot;]" type="string" size="40" encoding="base64"><![CDATA[LWZzdGFjay1wcm90ZWN0b3Itc3Ryb25nIC1mcGljIC1mcGllIC1PMg==]]></property><property name="PHP_ASC_URL" fullname="$_SERVER[&quot;PHP_ASC_URL&quot;]" type="string" size="64" encoding="base64"><![CDATA[aHR0cHM6Ly9zZWN1cmUucGhwLm5ldC9nZXQvcGhwLTcuMi4zLnRhci54ei5hc2MvZnJvbS90aGlzL21pcnJvcg==]]></property><property name="PHP_URL" fullname="$_SERVER[&quot;PHP_URL&quot;]" type="string" size="60" encoding="base64"><![CDATA[aHR0cHM6Ly9zZWN1cmUucGhwLm5ldC9nZXQvcGhwLTcuMi4zLnRhci54ei9mcm9tL3RoaXMvbWlycm9y]]></property><property name="PATH" fullname="$_SERVER[&quot;PATH&quot;]" type="string" size="60" encoding="base64"><![CDATA[L3Vzci9sb2NhbC9zYmluOi91c3IvbG9jYWwvYmluOi91c3Ivc2JpbjovdXNyL2Jpbjovc2JpbjovYmlu]]></property><property name="PHPIZE_DEPS" fullname="$_SERVER[&quot;PHPIZE_DEPS&quot;]" type="string" size="76" encoding="base64"><![CDATA[YXV0b2NvbmYgCQlkcGtnLWRldiAJCWZpbGUgCQlnKysgCQlnY2MgCQlsaWJjLWRldiAJCW1ha2UgCQlwa2ctY29uZmlnIAkJcmUyYw==]]></property><property name="PWD" fullname="$_SERVER[&quot;PWD&quot;]" type="string" size="13" encoding="base64"><![CDATA[L3Zhci93d3cvaHRtbA==]]></property><property name="PHP_SHA256" fullname="$_SERVER[&quot;PHP_SHA256&quot;]" type="string" size="64" encoding="base64"><![CDATA[YjNhOTRmMWI1NjJmNDEzYzBiOTZmNTRiYzMwOTcwNmQ4M2IyOWFjNjVkOWIxNzJiYzdlZDlmYjQwYTVlNjUxZg==]]></property><property name="USER" fullname="$_SERVER[&quot;USER&quot;]" type="string" size="8" encoding="base64"><![CDATA[d3d3LWRhdGE=]]></property><property name="HTTP_CONNECTION" fullname="$_SERVER[&quot;HTTP_CONNECTION&quot;]" type="string" size="10" encoding="base64"><![CDATA[a2VlcC1hbGl2ZQ==]]></property><property name="HTTP_ACCEPT_ENCODING" fullname="$_SERVER[&quot;HTTP_ACCEPT_ENCODING&quot;]" type="string" size="13" encoding="base64"><![CDATA[Z3ppcCwgZGVmbGF0ZQ==]]></property><property name="HTTP_ACCEPT_LANGUAGE" fullname="$_SERVER[&quot;HTTP_ACCEPT_LANGUAGE&quot;]" type="string" size="5" encoding="base64"><![CDATA[emgtY24=]]></property><property name="HTTP_USER_AGENT" fullname="$_SERVER[&quot;HTTP_USER_AGENT&quot;]" type="string" size="117" encoding="base64"><![CDATA[TW96aWxsYS81LjAgKE1hY2ludG9zaDsgSW50ZWwgTWFjIE9TIFggMTBfMTNfMikgQXBwbGVXZWJLaXQvNjA0LjQuNyAoS0hUTUwsIGxpa2UgR2Vja28pIFZlcnNpb24vMTEuMC4yIFNhZmFyaS82MDQuNC43]]></property><property name="HTTP_COOKIE" fullname="$_SERVER[&quot;HTTP_COOKIE&quot;]" type="string" size="204" encoding="base64"><![CDATA[WERFQlVHX1NFU1NJT049OyBQSFBTRVNTSUQ9ZjJkYWEwNWMyMjJkNGNlMWYwMTZkMjhlMzRlZTE0YjQ7IF9nYT1HQTEuMS4xNTI3OTA1NDU2LjE1MTA4NDcxNjg7IFBocHN0b3JtLTU2OWI2ZmM3PWRjOWVlNDc0LThhMTktNDIxMy1iYTVjLTVkYTM5ZjhmYjdkOTsgUGhwc3Rvcm0tNTY5YjZjMDc9MTNjZjAzODAtYzZiYi00ODE4LWJjN2MtMmU1MGViOWJmMTc4]]></property><property name="HTTP_UPGRADE_INSECURE_REQUESTS" fullname="$_SERVER[&quot;HTTP_UPGRADE_INSECURE_REQUESTS&quot;]" type="string" size="1" encoding="base64"><![CDATA[MQ==]]></property><property name="HTTP_ACCEPT" fullname="$_SERVER[&quot;HTTP_ACCEPT&quot;]" type="string" size="63" encoding="base64"><![CDATA[dGV4dC9odG1sLGFwcGxpY2F0aW9uL3hodG1sK3htbCxhcHBsaWNhdGlvbi94bWw7cT0wLjksKi8qO3E9MC44]]></property><property name="HTTP_HOST" fullname="$_SERVER[&quot;HTTP_HOST&quot;]" type="string" size="9" encoding="base64"><![CDATA[bG9jYWxob3N0]]></property><property name="SCRIPT_FILENAME" fullname="$_SERVER[&quot;SCRIPT_FILENAME&quot;]" type="string" size="29" encoding="base64"><![CDATA[L3Zhci93d3cvaHRtbC9odG1sMS9pbmRleC5waHA=]]></property><property name="REDIRECT_STATUS" fullname="$_SERVER[&quot;REDIRECT_STATUS&quot;]" type="string" size="3" encoding="base64"><![CDATA[MjAw]]></property><property name="SERVER_NAME" fullname="$_SERVER[&quot;SERVER_NAME&quot;]" type="string" size="9" encoding="base64"><![CDATA[bG9jYWxob3N0]]></property><property name="SERVER_PORT" fullname="$_SERVER[&quot;SERVER_PORT&quot;]" type="string" size="2" encoding="base64"><![CDATA[ODA=]]></property><property name="SERVER_ADDR" fullname="$_SERVER[&quot;SERVER_ADDR&quot;]" type="string" size="10" encoding="base64"><![CDATA[MTcyLjIxLjAuMw==]]></property><property name="REMOTE_PORT" fullname="$_SERVER[&quot;REMOTE_PORT&quot;]" type="string" size="5" encoding="base64"><![CDATA[MzQyNTI=]]></property><property name="REMOTE_ADDR" fullname="$_SERVER[&quot;REMOTE_ADDR&quot;]" type="string" size="10" encoding="base64"><![CDATA[MTcyLjIxLjAuMQ==]]></property><property name="SERVER_SOFTWARE" fullname="$_SERVER[&quot;SERVER_SOFTWARE&quot;]" type="string" size="12" encoding="base64"><![CDATA[bmdpbngvMS4xMy45]]></property><property name="GATEWAY_INTERFACE" fullname="$_SERVER[&quot;GATEWAY_INTERFACE&quot;]" type="string" size="7" encoding="base64"><![CDATA[Q0dJLzEuMQ==]]></property><property name="REQUEST_SCHEME" fullname="$_SERVER[&quot;REQUEST_SCHEME&quot;]" type="string" size="4" encoding="base64"><![CDATA[aHR0cA==]]></property><property name="SERVER_PROTOCOL" fullname="$_SERVER[&quot;SERVER_PROTOCOL&quot;]" type="string" size="8" encoding="base64"><![CDATA[SFRUUC8xLjE=]]></property><property name="DOCUMENT_ROOT" fullname="$_SERVER[&quot;DOCUMENT_ROOT&quot;]" type="string" size="19" encoding="base64"><![CDATA[L3Zhci93d3cvaHRtbC9odG1sMQ==]]></property><property name="DOCUMENT_URI" fullname="$_SERVER[&quot;DOCUMENT_URI&quot;]" type="string" size="10" encoding="base64"><![CDATA[L2luZGV4LnBocA==]]></property><property name="REQUEST_URI" fullname="$_SERVER[&quot;REQUEST_URI&quot;]" type="string" size="1" encoding="base64"><![CDATA[Lw==]]></property><property name="SCRIPT_NAME" fullname="$_SERVER[&quot;SCRIPT_NAME&quot;]" type="string" size="10" encoding="base64"><![CDATA[L2luZGV4LnBocA==]]></property><property name="CONTENT_LENGTH" fullname="$_SERVER[&quot;CONTENT_LENGTH&quot;]" type="string" size="0" encoding="base64"><![CDATA[]]></property><property name="CONTENT_TYPE" fullname="$_SERVER[&quot;CONTENT_TYPE&quot;]" type="string" size="0" encoding="base64"><![CDATA[]]></property><property name="REQUEST_METHOD" fullname="$_SERVER[&quot;REQUEST_METHOD&quot;]" type="string" size="3" encoding="base64"><![CDATA[R0VU]]></property><property name="QUERY_STRING" fullname="$_SERVER[&quot;QUERY_STRING&quot;]" type="string" size="0" encoding="base64"><![CDATA[]]></property><property name="FCGI_ROLE" fullname="$_SERVER[&quot;FCGI_ROLE&quot;]" type="string" size="9" encoding="base64"><![CDATA[UkVTUE9OREVS]]></property><property name="PHP_SELF" fullname="$_SERVER[&quot;PHP_SELF&quot;]" type="string" size="10" encoding="base64"><![CDATA[L2luZGV4LnBocA==]]></property><property name="REQUEST_TIME_FLOAT" fullname="$_SERVER[&quot;REQUEST_TIME_FLOAT&quot;]" type="float"><![CDATA[1521619074.576]]></property><property name="REQUEST_TIME" fullname="$_SERVER[&quot;REQUEST_TIME&quot;]" type="int"><![CDATA[1521619074]]></property></property></response>

<- context_get -i 24 -d 0 -c 2
-> <response xmlns="urn:debugger_protocol_v1" xmlns:xdebug="http://xdebug.org/dbgp/xdebug" command="context_get" transaction_id="24" context="2"></response>

<- step_into -i 25
-> <response xmlns="urn:debugger_protocol_v1" xmlns:xdebug="http://xdebug.org/dbgp/xdebug" command="step_into" transaction_id="25" status="stopping" reason="ok"></response>

<- run -i 26
Log closed at 2018-03-21 07:58:16

Log opened at 2018-03-21 08:17:46
I: Connecting to configured address/port: 192.168.2.137:9001.
I: Connected to client. :-)
-> <init xmlns="urn:debugger_protocol_v1" xmlns:xdebug="http://xdebug.org/dbgp/xdebug" fileuri="file:///var/www/html/html1/index.php" language="PHP" xdebug:language_version="7.2.3" protocol_version="1.0" appid="7" idekey="XDEBUG_ECLIPSE"><engine version="2.6.0alpha1"><![CDATA[Xdebug]]></engine><author><![CDATA[Derick Rethans]]></author><url><![CDATA[http://xdebug.org]]></url><copyright><![CDATA[Copyright (c) 2002-2017 by Derick Rethans]]></copyright></init>

<- feature_set -i 1 -n show_hidden -v 1
-> <response xmlns="urn:debugger_protocol_v1" xmlns:xdebug="http://xdebug.org/dbgp/xdebug" command="feature_set" transaction_id="1" feature="show_hidden" success="1"></response>

<- feature_set -i 2 -n max_depth -v 1
-> <response xmlns="urn:debugger_protocol_v1" xmlns:xdebug="http://xdebug.org/dbgp/xdebug" command="feature_set" transaction_id="2" feature="max_depth" success="1"></response>

<- feature_set -i 3 -n max_children -v 100
-> <response xmlns="urn:debugger_protocol_v1" xmlns:xdebug="http://xdebug.org/dbgp/xdebug" command="feature_set" transaction_id="3" feature="max_children" success="1"></response>

<- feature_set -i 4 -n extended_properties -v 1
-> <response xmlns="urn:debugger_protocol_v1" xmlns:xdebug="http://xdebug.org/dbgp/xdebug" command="feature_set" transaction_id="4" feature="extended_properties" success="1"></response>

<- status -i 5
-> <response xmlns="urn:debugger_protocol_v1" xmlns:xdebug="http://xdebug.org/dbgp/xdebug" command="status" transaction_id="5" status="starting" reason="ok"></response>

<- step_into -i 6
-> <response xmlns="urn:debugger_protocol_v1" xmlns:xdebug="http://xdebug.org/dbgp/xdebug" command="step_into" transaction_id="6" status="break" reason="ok"><xdebug:message filename="file:///var/www/html/html1/index.php" lineno="4"></xdebug:message></response>

<- eval -i 7 -- aXNzZXQoJF9TRVJWRVJbJ1BIUF9JREVfQ09ORklHJ10p
-> <response xmlns="urn:debugger_protocol_v1" xmlns:xdebug="http://xdebug.org/dbgp/xdebug" command="eval" transaction_id="7"><property type="bool"><![CDATA[0]]></property></response>

<- eval -i 8 -- aXNzZXQoJF9TRVJWRVJbJ1NFUlZFUl9OQU1FJ10p
-> <response xmlns="urn:debugger_protocol_v1" xmlns:xdebug="http://xdebug.org/dbgp/xdebug" command="eval" transaction_id="8"><property type="bool"><![CDATA[1]]></property></response>

<- eval -i 9 -- KHN0cmluZykoJF9TRVJWRVJbJ1NFUlZFUl9OQU1FJ10p
-> <response xmlns="urn:debugger_protocol_v1" xmlns:xdebug="http://xdebug.org/dbgp/xdebug" command="eval" transaction_id="9"><property type="string" size="9" encoding="base64"><![CDATA[bG9jYWxob3N0]]></property></response>

<- eval -i 10 -- KHN0cmluZykoJF9TRVJWRVJbJ1NFUlZFUl9QT1JUJ10p
-> <response xmlns="urn:debugger_protocol_v1" xmlns:xdebug="http://xdebug.org/dbgp/xdebug" command="eval" transaction_id="10"><property type="string" size="2" encoding="base64"><![CDATA[ODA=]]></property></response>

<- eval -i 11 -- KHN0cmluZykoJF9TRVJWRVJbJ1JFUVVFU1RfVVJJJ10p
-> <response xmlns="urn:debugger_protocol_v1" xmlns:xdebug="http://xdebug.org/dbgp/xdebug" command="eval" transaction_id="11"><property type="string" size="1" encoding="base64"><![CDATA[Lw==]]></property></response>

<- breakpoint_set -i 12 -t line -f file:///var/www/html/index.php -n 4
-> <response xmlns="urn:debugger_protocol_v1" xmlns:xdebug="http://xdebug.org/dbgp/xdebug" command="breakpoint_set" transaction_id="12" id="70003"></response>

<- breakpoint_set -i 13 -t line -f file:///var/www/html/index.php -n 5
-> <response xmlns="urn:debugger_protocol_v1" xmlns:xdebug="http://xdebug.org/dbgp/xdebug" command="breakpoint_set" transaction_id="13" id="70004"></response>

<- stack_get -i 14
-> <response xmlns="urn:debugger_protocol_v1" xmlns:xdebug="http://xdebug.org/dbgp/xdebug" command="stack_get" transaction_id="14"><stack where="{main}" level="0" type="file" filename="file:///var/www/html/html1/index.php" lineno="4"></stack></response>

<- stack_get -i 15
-> <response xmlns="urn:debugger_protocol_v1" xmlns:xdebug="http://xdebug.org/dbgp/xdebug" command="stack_get" transaction_id="15"><stack where="{main}" level="0" type="file" filename="file:///var/www/html/html1/index.php" lineno="4"></stack></response>

<- context_names -i 16
-> <response xmlns="urn:debugger_protocol_v1" xmlns:xdebug="http://xdebug.org/dbgp/xdebug" command="context_names" transaction_id="16"><context name="Locals" id="0"></context><context name="Superglobals" id="1"></context><context name="User defined constants" id="2"></context></response>

<- context_get -i 17 -d 0 -c 0
-> <response xmlns="urn:debugger_protocol_v1" xmlns:xdebug="http://xdebug.org/dbgp/xdebug" command="context_get" transaction_id="17" context="0"></response>

<- context_get -i 18 -d 0 -c 1
-> <response xmlns="urn:debugger_protocol_v1" xmlns:xdebug="http://xdebug.org/dbgp/xdebug" command="context_get" transaction_id="18" context="1"><property name="$_COOKIE" fullname="$_COOKIE" type="array" children="1" numchildren="2" page="0" pagesize="100"><property name="PHPSESSID" fullname="$_COOKIE[&quot;PHPSESSID&quot;]" type="string" size="32" encoding="base64"><![CDATA[MTUyYzQwZGNlODM1N2RiMzAwODA4NzgxNmNhNjUxZWI=]]></property><property name="XDEBUG_SESSION" fullname="$_COOKIE[&quot;XDEBUG_SESSION&quot;]" type="string" size="14" encoding="base64"><![CDATA[WERFQlVHX0VDTElQU0U=]]></property></property><property name="$_ENV" fullname="$_ENV" type="array" children="0" numchildren="0" page="0" pagesize="100"></property><property name="$_FILES" fullname="$_FILES" type="array" children="0" numchildren="0" page="0" pagesize="100"></property><property name="$_GET" fullname="$_GET" type="array" children="0" numchildren="0" page="0" pagesize="100"></property><property name="$_POST" fullname="$_POST" type="array" children="0" numchildren="0" page="0" pagesize="100"></property><property name="$_REQUEST" fullname="$_REQUEST" type="array" children="0" numchildren="0" page="0" pagesize="100"></property><property name="$_SERVER" fullname="$_SERVER" type="array" children="1" numchildren="49" page="0" pagesize="100"><property name="PHP_EXTRA_CONFIGURE_ARGS" fullname="$_SERVER[&quot;PHP_EXTRA_CONFIGURE_ARGS&quot;]" type="string" size="63" encoding="base64"><![CDATA[LS1lbmFibGUtZnBtIC0td2l0aC1mcG0tdXNlcj13d3ctZGF0YSAtLXdpdGgtZnBtLWdyb3VwPXd3dy1kYXRh]]></property><property name="HOSTNAME" fullname="$_SERVER[&quot;HOSTNAME&quot;]" type="string" size="12" encoding="base64"><![CDATA[Nzk0NDNhOTgxMGMz]]></property><property name="PHP_INI_DIR" fullname="$_SERVER[&quot;PHP_INI_DIR&quot;]" type="string" size="18" encoding="base64"><![CDATA[L3Vzci9sb2NhbC9ldGMvcGhw]]></property><property name="HOME" fullname="$_SERVER[&quot;HOME&quot;]" type="string" size="8" encoding="base64"><![CDATA[L3Zhci93d3c=]]></property><property name="PHP_LDFLAGS" fullname="$_SERVER[&quot;PHP_LDFLAGS&quot;]" type="string" size="34" encoding="base64"><![CDATA[LVdsLC1PMSAtV2wsLS1oYXNoLXN0eWxlPWJvdGggLXBpZQ==]]></property><property name="PHP_CFLAGS" fullname="$_SERVER[&quot;PHP_CFLAGS&quot;]" type="string" size="40" encoding="base64"><![CDATA[LWZzdGFjay1wcm90ZWN0b3Itc3Ryb25nIC1mcGljIC1mcGllIC1PMg==]]></property><property name="PHP_MD5" fullname="$_SERVER[&quot;PHP_MD5&quot;]" type="string" size="0" encoding="base64"><![CDATA[]]></property><property name="PHP_VERSION" fullname="$_SERVER[&quot;PHP_VERSION&quot;]" type="string" size="5" encoding="base64"><![CDATA[Ny4yLjM=]]></property><property name="GPG_KEYS" fullname="$_SERVER[&quot;GPG_KEYS&quot;]" type="string" size="81" encoding="base64"><![CDATA[MTcyOUY4MzkzOERBNDRFMjdCQTBGNEQzREJEQjM5NzQ3MEQxMjE3MiBCMUI0NEQ4RjAyMUU0RTJENjAyMUU5OTVEQzlGRjhEM0VFNUFGMjdG]]></property><property name="PHP_CPPFLAGS" fullname="$_SERVER[&quot;PHP_CPPFLAGS&quot;]" type="string" size="40" encoding="base64"><![CDATA[LWZzdGFjay1wcm90ZWN0b3Itc3Ryb25nIC1mcGljIC1mcGllIC1PMg==]]></property><property name="PHP_ASC_URL" fullname="$_SERVER[&quot;PHP_ASC_URL&quot;]" type="string" size="64" encoding="base64"><![CDATA[aHR0cHM6Ly9zZWN1cmUucGhwLm5ldC9nZXQvcGhwLTcuMi4zLnRhci54ei5hc2MvZnJvbS90aGlzL21pcnJvcg==]]></property><property name="PHP_URL" fullname="$_SERVER[&quot;PHP_URL&quot;]" type="string" size="60" encoding="base64"><![CDATA[aHR0cHM6Ly9zZWN1cmUucGhwLm5ldC9nZXQvcGhwLTcuMi4zLnRhci54ei9mcm9tL3RoaXMvbWlycm9y]]></property><property name="PATH" fullname="$_SERVER[&quot;PATH&quot;]" type="string" size="60" encoding="base64"><![CDATA[L3Vzci9sb2NhbC9zYmluOi91c3IvbG9jYWwvYmluOi91c3Ivc2JpbjovdXNyL2Jpbjovc2JpbjovYmlu]]></property><property name="PHPIZE_DEPS" fullname="$_SERVER[&quot;PHPIZE_DEPS&quot;]" type="string" size="76" encoding="base64"><![CDATA[YXV0b2NvbmYgCQlkcGtnLWRldiAJCWZpbGUgCQlnKysgCQlnY2MgCQlsaWJjLWRldiAJCW1ha2UgCQlwa2ctY29uZmlnIAkJcmUyYw==]]></property><property name="PWD" fullname="$_SERVER[&quot;PWD&quot;]" type="string" size="13" encoding="base64"><![CDATA[L3Zhci93d3cvaHRtbA==]]></property><property name="PHP_SHA256" fullname="$_SERVER[&quot;PHP_SHA256&quot;]" type="string" size="64" encoding="base64"><![CDATA[YjNhOTRmMWI1NjJmNDEzYzBiOTZmNTRiYzMwOTcwNmQ4M2IyOWFjNjVkOWIxNzJiYzdlZDlmYjQwYTVlNjUxZg==]]></property><property name="USER" fullname="$_SERVER[&quot;USER&quot;]" type="string" size="8" encoding="base64"><![CDATA[d3d3LWRhdGE=]]></property><property name="HTTP_COOKIE" fullname="$_SERVER[&quot;HTTP_COOKIE&quot;]" type="string" size="73" encoding="base64"><![CDATA[UEhQU0VTU0lEPTE1MmM0MGRjZTgzNTdkYjMwMDgwODc4MTZjYTY1MWViOyBYREVCVUdfU0VTU0lPTj1YREVCVUdfRUNMSVBTRQ==]]></property><property name="HTTP_ACCEPT_LANGUAGE" fullname="$_SERVER[&quot;HTTP_ACCEPT_LANGUAGE&quot;]" type="string" size="23" encoding="base64"><![CDATA[emgtQ04semg7cT0wLjksZW47cT0wLjg=]]></property><property name="HTTP_ACCEPT_ENCODING" fullname="$_SERVER[&quot;HTTP_ACCEPT_ENCODING&quot;]" type="string" size="17" encoding="base64"><![CDATA[Z3ppcCwgZGVmbGF0ZSwgYnI=]]></property><property name="HTTP_ACCEPT" fullname="$_SERVER[&quot;HTTP_ACCEPT&quot;]" type="string" size="85" encoding="base64"><![CDATA[dGV4dC9odG1sLGFwcGxpY2F0aW9uL3hodG1sK3htbCxhcHBsaWNhdGlvbi94bWw7cT0wLjksaW1hZ2Uvd2VicCxpbWFnZS9hcG5nLCovKjtxPTAuOA==]]></property><property name="HTTP_USER_AGENT" fullname="$_SERVER[&quot;HTTP_USER_AGENT&quot;]" type="string" size="121" encoding="base64"><![CDATA[TW96aWxsYS81LjAgKE1hY2ludG9zaDsgSW50ZWwgTWFjIE9TIFggMTBfMTNfMikgQXBwbGVXZWJLaXQvNTM3LjM2IChLSFRNTCwgbGlrZSBHZWNrbykgQ2hyb21lLzY0LjAuMzI4Mi4xODYgU2FmYXJpLzUzNy4zNg==]]></property><property name="HTTP_UPGRADE_INSECURE_REQUESTS" fullname="$_SERVER[&quot;HTTP_UPGRADE_INSECURE_REQUESTS&quot;]" type="string" size="1" encoding="base64"><![CDATA[MQ==]]></property><property name="HTTP_CACHE_CONTROL" fullname="$_SERVER[&quot;HTTP_CACHE_CONTROL&quot;]" type="string" size="9" encoding="base64"><![CDATA[bWF4LWFnZT0w]]></property><property name="HTTP_CONNECTION" fullname="$_SERVER[&quot;HTTP_CONNECTION&quot;]" type="string" size="10" encoding="base64"><![CDATA[a2VlcC1hbGl2ZQ==]]></property><property name="HTTP_HOST" fullname="$_SERVER[&quot;HTTP_HOST&quot;]" type="string" size="9" encoding="base64"><![CDATA[bG9jYWxob3N0]]></property><property name="SCRIPT_FILENAME" fullname="$_SERVER[&quot;SCRIPT_FILENAME&quot;]" type="string" size="29" encoding="base64"><![CDATA[L3Zhci93d3cvaHRtbC9odG1sMS9pbmRleC5waHA=]]></property><property name="REDIRECT_STATUS" fullname="$_SERVER[&quot;REDIRECT_STATUS&quot;]" type="string" size="3" encoding="base64"><![CDATA[MjAw]]></property><property name="SERVER_NAME" fullname="$_SERVER[&quot;SERVER_NAME&quot;]" type="string" size="9" encoding="base64"><![CDATA[bG9jYWxob3N0]]></property><property name="SERVER_PORT" fullname="$_SERVER[&quot;SERVER_PORT&quot;]" type="string" size="2" encoding="base64"><![CDATA[ODA=]]></property><property name="SERVER_ADDR" fullname="$_SERVER[&quot;SERVER_ADDR&quot;]" type="string" size="10" encoding="base64"><![CDATA[MTcyLjIxLjAuMw==]]></property><property name="REMOTE_PORT" fullname="$_SERVER[&quot;REMOTE_PORT&quot;]" type="string" size="5" encoding="base64"><![CDATA[MzQyODA=]]></property><property name="REMOTE_ADDR" fullname="$_SERVER[&quot;REMOTE_ADDR&quot;]" type="string" size="10" encoding="base64"><![CDATA[MTcyLjIxLjAuMQ==]]></property><property name="SERVER_SOFTWARE" fullname="$_SERVER[&quot;SERVER_SOFTWARE&quot;]" type="string" size="12" encoding="base64"><![CDATA[bmdpbngvMS4xMy45]]></property><property name="GATEWAY_INTERFACE" fullname="$_SERVER[&quot;GATEWAY_INTERFACE&quot;]" type="string" size="7" encoding="base64"><![CDATA[Q0dJLzEuMQ==]]></property><property name="REQUEST_SCHEME" fullname="$_SERVER[&quot;REQUEST_SCHEME&quot;]" type="string" size="4" encoding="base64"><![CDATA[aHR0cA==]]></property><property name="SERVER_PROTOCOL" fullname="$_SERVER[&quot;SERVER_PROTOCOL&quot;]" type="string" size="8" encoding="base64"><![CDATA[SFRUUC8xLjE=]]></property><property name="DOCUMENT_ROOT" fullname="$_SERVER[&quot;DOCUMENT_ROOT&quot;]" type="string" size="19" encoding="base64"><![CDATA[L3Zhci93d3cvaHRtbC9odG1sMQ==]]></property><property name="DOCUMENT_URI" fullname="$_SERVER[&quot;DOCUMENT_URI&quot;]" type="string" size="10" encoding="base64"><![CDATA[L2luZGV4LnBocA==]]></property><property name="REQUEST_URI" fullname="$_SERVER[&quot;REQUEST_URI&quot;]" type="string" size="1" encoding="base64"><![CDATA[Lw==]]></property><property name="SCRIPT_NAME" fullname="$_SERVER[&quot;SCRIPT_NAME&quot;]" type="string" size="10" encoding="base64"><![CDATA[L2luZGV4LnBocA==]]></property><property name="CONTENT_LENGTH" fullname="$_SERVER[&quot;CONTENT_LENGTH&quot;]" type="string" size="0" encoding="base64"><![CDATA[]]></property><property name="CONTENT_TYPE" fullname="$_SERVER[&quot;CONTENT_TYPE&quot;]" type="string" size="0" encoding="base64"><![CDATA[]]></property><property name="REQUEST_METHOD" fullname="$_SERVER[&quot;REQUEST_METHOD&quot;]" type="string" size="3" encoding="base64"><![CDATA[R0VU]]></property><property name="QUERY_STRING" fullname="$_SERVER[&quot;QUERY_STRING&quot;]" type="string" size="0" encoding="base64"><![CDATA[]]></property><property name="FCGI_ROLE" fullname="$_SERVER[&quot;FCGI_ROLE&quot;]" type="string" size="9" encoding="base64"><![CDATA[UkVTUE9OREVS]]></property><property name="PHP_SELF" fullname="$_SERVER[&quot;PHP_SELF&quot;]" type="string" size="10" encoding="base64"><![CDATA[L2luZGV4LnBocA==]]></property><property name="REQUEST_TIME_FLOAT" fullname="$_SERVER[&quot;REQUEST_TIME_FLOAT&quot;]" type="float"><![CDATA[1521620266.409]]></property><property name="REQUEST_TIME" fullname="$_SERVER[&quot;REQUEST_TIME&quot;]" type="int"><![CDATA[1521620266]]></property></property></response>

<- context_get -i 19 -d 0 -c 2
-> <response xmlns="urn:debugger_protocol_v1" xmlns:xdebug="http://xdebug.org/dbgp/xdebug" command="context_get" transaction_id="19" context="2"></response>

-> <response xmlns="urn:debugger_protocol_v1" xmlns:xdebug="http://xdebug.org/dbgp/xdebug" command="context_get" transaction_id="19" status="stopping" reason="ok"></response>

Log closed at 2018-03-21 08:22:49

